<?xml version="1.0" encoding="UTF-8"?>
<testsuite xmlns:xsi="http://www.w3.org/2001/XMLSchema-instance" xsi:noNamespaceSchemaLocation="https://maven.apache.org/surefire/maven-surefire-plugin/xsd/surefire-test-report-3.0.xsd" version="3.0" name="maintenanceTest" time="0.084" tests="2" errors="0" skipped="0" failures="0">
  <properties>
[...]
</properties>
  <testcase name="testMarkActivityCompleted" classname="maintenanceTest" time="0.015">
    <system-out><![CDATA[Fix Leak has been added to maintenance activities.
Fix Leak has been marked as completed.
]]></system-out>
  </testcase>
  <testcase name="testAddActivity" classname="maintenanceTest" time="0.001">
    <system-out><![CDATA[Oil Change has been added to maintenance activities.
]]></system-out>
  </testcase>
</testsuite>